Removed Pin From Net: NetName=3.3V Pin=P1-1
Removed Pin From Net: NetName=GND Pin=P1-2
Removed Pin From Net: NetName=NRST Pin=P1-6
Added Pin To Net: NetName=GND Pin=P1-1
Added Pin To Net: NetName=3.3V Pin=P1-2
Added Pin To Net: NetName=NRST Pin=P1-5
Change Net Name : Old Net Name=BLK New Net Name=MISO
Added Pin To Net: NetName=BLK Pin=P1-7
Added Net: Name=BLK
Added Pin To Net: NetName=CLK Pin=IC1-26
Added Pin To Net: NetName=CLK Pin=P1-3
Added Net: Name=CLK
Added Pin To Net: NetName=DC Pin=IC1-16
Added Pin To Net: NetName=DC Pin=P1-6
Added Net: Name=DC
Added Pin To Net: NetName=MOSI Pin=IC1-28
Added Pin To Net: NetName=MOSI Pin=P1-4
Added Net: Name=MOSI
Added Pin To Net: NetName=PB12 Pin=IC1-25
Added Net: Name=PB12
Added Member To Class: ClassName=yksb Member=Component P1 PHT-108-01-L-S
